# JRE version: OpenJDK Runtime Environment (21.0.5) (build 21.0.5+-12932927-b750.29)
# Java VM: OpenJDK 64-Bit Server VM (21.0.5+-12932927-b750.29, mixed mode, tiered, compressed oops, compressed class ptrs, g1 gc, windows-amd64)
GC Precious Log:
 CardTable entry size: 512
 Card Set container configuration: InlinePtr #cards 4 size 8 Array Of Cards #cards 32 size 80 Howl #buckets 8 coarsen threshold 7372 Howl Bitmap #cards 1024 size 144 coarsen threshold 921 Card regions per heap region 1 cards per card region 8192
 CPUs: 4 total, 4 available
 Memory: 3919M
 Large Page Support: Disabled
 NUMA Support: Disabled
 Compressed Oops: Enabled (Zero based)
 Heap Region Size: 4M
 Heap Min Capacity: 8M
 Heap Initial Capacity: 64M
 Heap Max Capacity: 4608M
 Pre-touch: Disabled
 Parallel Workers: 4
 Concurrent Workers: 1
 Concurrent Refinement Workers: 4
 Periodic GC: Disabled
Heap:
 garbage-first heap   total 221184K, used 142353K [0x00000006e0000000, 0x0000000800000000)
  region size 4096K, 1 young (4096K), 1 survivors (4096K)
 Metaspace       used 123064K, committed 125376K, reserved 1179648K
  class space    used 16799K, committed 17984K, reserved 1048576K
GC Heap History (20 events):
Event: 26.055 GC heap after
{Heap after GC invocations=40 (full 0):
 garbage-first heap   total 172032K, used 101220K [0x00000006e0000000, 0x0000000800000000)
  region size 4096K, 2 young (8192K), 2 survivors (8192K)
 Metaspace       used 109342K, committed 111424K, reserved 1179648K
  class space    used 14961K, committed 16000K, reserved 1048576K
}
Event: 26.991 GC heap before
{Heap before GC invocations=40 (full 0):
 garbage-first heap   total 172032K, used 146276K [0x00000006e0000000, 0x0000000800000000)
  region size 4096K, 13 young (53248K), 2 survivors (8192K)
 Metaspace       used 112585K, committed 114752K, reserved 1179648K
  class space    used 15445K, committed 16576K, reserved 1048576K
}
Event: 27.002 GC heap after
{Heap after GC invocations=41 (full 0):
 garbage-first heap   total 172032K, used 105328K [0x00000006e0000000, 0x0000000800000000)
  region size 4096K, 2 young (8192K), 2 survivors (8192K)
 Metaspace       used 112585K, committed 114752K, reserved 1179648K
  class space    used 15445K, committed 16576K, reserved 1048576K
}
Event: 28.119 GC heap before
{Heap before GC invocations=42 (full 0):
 garbage-first heap   total 184320K, used 146288K [0x00000006e0000000, 0x0000000800000000)
  region size 4096K, 12 young (49152K), 2 survivors (8192K)
 Metaspace       used 113210K, committed 115456K, reserved 1179648K
  class space    used 15490K, committed 16640K, reserved 1048576K
}
Event: 28.135 GC heap after
{Heap after GC invocations=43 (full 0):
 garbage-first heap   total 184320K, used 111481K [0x00000006e0000000, 0x0000000800000000)
  region size 4096K, 2 young (8192K), 2 survivors (8192K)
 Metaspace       used 113210K, committed 115456K, reserved 1179648K
  class space    used 15490K, committed 16640K, reserved 1048576K
}
Event: 29.024 GC heap before
{Heap before GC invocations=43 (full 0):
 garbage-first heap   total 184320K, used 156537K [0x00000006e0000000, 0x0000000800000000)
  region size 4096K, 14 young (57344K), 2 survivors (8192K)
 Metaspace       used 113779K, committed 115968K, reserved 1179648K
  class space    used 15598K, committed 16704K, reserved 1048576K
}
Event: 29.042 GC heap after
{Heap after GC invocations=44 (full 0):
 garbage-first heap   total 221184K, used 114056K [0x00000006e0000000, 0x0000000800000000)
  region size 4096K, 2 young (8192K), 2 survivors (8192K)
 Metaspace       used 113779K, committed 115968K, reserved 1179648K
  class space    used 15598K, committed 16704K, reserved 1048576K
}
Event: 30.249 GC heap before
{Heap before GC invocations=44 (full 0):
 garbage-first heap   total 221184K, used 191880K [0x00000006e0000000, 0x0000000800000000)
  region size 4096K, 21 young (86016K), 2 survivors (8192K)
 Metaspace       used 115099K, committed 117376K, reserved 1179648K
  class space    used 15788K, committed 16960K, reserved 1048576K
}
Event: 30.261 GC heap after
{Heap after GC invocations=45 (full 0):
 garbage-first heap   total 221184K, used 118630K [0x00000006e0000000, 0x0000000800000000)
  region size 4096K, 3 young (12288K), 3 survivors (12288K)
 Metaspace       used 115099K, committed 117376K, reserved 1179648K
  class space    used 15788K, committed 16960K, reserved 1048576K
}
Event: 625.434 GC heap before
{Heap before GC invocations=45 (full 0):
 garbage-first heap   total 221184K, used 188262K [0x00000006e0000000, 0x0000000800000000)
  region size 4096K, 20 young (81920K), 3 survivors (12288K)
 Metaspace       used 120112K, committed 122368K, reserved 1179648K
  class space    used 16491K, committed 17664K, reserved 1048576K
}
Event: 625.834 GC heap after
{Heap after GC invocations=46 (full 0):
 garbage-first heap   total 221184K, used 122234K [0x00000006e0000000, 0x0000000800000000)
  region size 4096K, 1 young (4096K), 1 survivors (4096K)
 Metaspace       used 120112K, committed 122368K, reserved 1179648K
  class space    used 16491K, committed 17664K, reserved 1048576K
}
Event: 2116.876 GC heap before
{Heap before GC invocations=46 (full 0):
 garbage-first heap   total 221184K, used 195962K [0x00000006e0000000, 0x0000000800000000)
  region size 4096K, 20 young (81920K), 1 survivors (4096K)
 Metaspace       used 120432K, committed 122752K, reserved 1179648K
  class space    used 16495K, committed 17664K, reserved 1048576K
}
Event: 2117.003 GC heap after
{Heap after GC invocations=47 (full 0):
 garbage-first heap   total 221184K, used 126330K [0x00000006e0000000, 0x0000000800000000)
  region size 4096K, 2 young (8192K), 2 survivors (8192K)
 Metaspace       used 120432K, committed 122752K, reserved 1179648K
  class space    used 16495K, committed 17664K, reserved 1048576K
}
Event: 2121.503 GC heap before
{Heap before GC invocations=48 (full 0):
 garbage-first heap   total 221184K, used 195962K [0x00000006e0000000, 0x0000000800000000)
  region size 4096K, 19 young (77824K), 2 survivors (8192K)
 Metaspace       used 122396K, committed 124736K, reserved 1179648K
  class space    used 16728K, committed 17920K, reserved 1048576K
}
Event: 2121.562 GC heap after
{Heap after GC invocations=49 (full 0):
 garbage-first heap   total 221184K, used 134930K [0x00000006e0000000, 0x0000000800000000)
  region size 4096K, 3 young (12288K), 3 survivors (12288K)
 Metaspace       used 122396K, committed 124736K, reserved 1179648K
  class space    used 16728K, committed 17920K, reserved 1048576K
}
Event: 2123.257 GC heap before
{Heap before GC invocations=49 (full 0):
 garbage-first heap   total 221184K, used 188178K [0x00000006e0000000, 0x0000000800000000)
  region size 4096K, 17 young (69632K), 3 survivors (12288K)
 Metaspace       used 122752K, committed 125056K, reserved 1179648K
  class space    used 16769K, committed 17920K, reserved 1048576K
}
Event: 2123.356 GC heap after
{Heap after GC invocations=50 (full 0):
 garbage-first heap   total 221184K, used 139884K [0x00000006e0000000, 0x0000000800000000)
  region size 4096K, 2 young (8192K), 2 survivors (8192K)
 Metaspace       used 122752K, committed 125056K, reserved 1179648K
  class space    used 16769K, committed 17920K, reserved 1048576K
}
Event: 2124.018 GC heap before
{Heap before GC invocations=50 (full 0):
 garbage-first heap   total 221184K, used 189036K [0x00000006e0000000, 0x0000000800000000)
  region size 4096K, 15 young (61440K), 2 survivors (8192K)
 Metaspace       used 123048K, committed 125376K, reserved 1179648K
  class space    used 16799K, committed 17984K, reserved 1048576K
}
Event: 2124.046 GC heap after
{Heap after GC invocations=51 (full 0):
 garbage-first heap   total 221184K, used 142536K [0x00000006e0000000, 0x0000000800000000)
  region size 4096K, 1 young (4096K), 1 survivors (4096K)
 Metaspace       used 123048K, committed 125376K, reserved 1179648K
  class space    used 16799K, committed 17984K, reserved 1048576K
}
Event: 2124.454 GC heap before
{Heap before GC invocations=51 (full 0):
 garbage-first heap   total 221184K, used 191688K [0x00000006e0000000, 0x0000000800000000)
  region size 4096K, 14 young (57344K), 1 survivors (4096K)
 Metaspace       used 123064K, committed 125376K, reserved 1179648K
  class space    used 16799K, committed 17984K, reserved 1048576K
}

