# JRE version: OpenJDK Runtime Environment (21.0.5) (build 21.0.5+-12932927-b750.29)
# Java VM: OpenJDK 64-Bit Server VM (21.0.5+-12932927-b750.29, mixed mode, tiered, compressed oops, compressed class ptrs, g1 gc, windows-amd64)
GC Precious Log:
 CardTable entry size: 512
 Card Set container configuration: InlinePtr #cards 5 size 8 Array Of Cards #cards 12 size 40 Howl #buckets 4 coarsen threshold 1843 Howl Bitmap #cards 512 size 80 coarsen threshold 460 Card regions per heap region 1 cards per card region 2048
 CPUs: 4 total, 4 available
 Memory: 3919M
 Large Page Support: Disabled
 NUMA Support: Disabled
 Compressed Oops: Enabled (32-bit)
 Heap Region Size: 1M
 Heap Min Capacity: 8M
 Heap Initial Capacity: 62M
 Heap Max Capacity: 980M
 Pre-touch: Disabled
 Parallel Workers: 4
 Concurrent Workers: 1
 Concurrent Refinement Workers: 4
 Periodic GC: Disabled
Heap:
 garbage-first heap   total 80896K, used 57023K [0x00000000c2c00000, 0x0000000100000000)
  region size 1024K, 3 young (3072K), 3 survivors (3072K)
 Metaspace       used 50605K, committed 50944K, reserved 1114112K
  class space    used 5690K, committed 5824K, reserved 1048576K
GC Heap History (20 events):
Event: 8.531 GC heap after
{Heap after GC invocations=12 (full 0):
 garbage-first heap   total 47104K, used 25600K [0x00000000c2c00000, 0x0000000100000000)
  region size 1024K, 3 young (3072K), 3 survivors (3072K)
 Metaspace       used 39480K, committed 39680K, reserved 1114112K
  class space    used 4576K, committed 4672K, reserved 1048576K
}
Event: 8.751 GC heap before
{Heap before GC invocations=12 (full 0):
 garbage-first heap   total 47104K, used 38912K [0x00000000c2c00000, 0x0000000100000000)
  region size 1024K, 16 young (16384K), 3 survivors (3072K)
 Metaspace       used 40921K, committed 41216K, reserved 1114112K
  class space    used 4720K, committed 4864K, reserved 1048576K
}
Event: 8.761 GC heap after
{Heap after GC invocations=13 (full 0):
 garbage-first heap   total 47104K, used 28509K [0x00000000c2c00000, 0x0000000100000000)
  region size 1024K, 2 young (2048K), 2 survivors (2048K)
 Metaspace       used 40921K, committed 41216K, reserved 1114112K
  class space    used 4720K, committed 4864K, reserved 1048576K
}
Event: 9.057 GC heap before
{Heap before GC invocations=14 (full 0):
 garbage-first heap   total 48128K, used 39773K [0x00000000c2c00000, 0x0000000100000000)
  region size 1024K, 13 young (13312K), 2 survivors (2048K)
 Metaspace       used 42788K, committed 43072K, reserved 1114112K
  class space    used 4925K, committed 5056K, reserved 1048576K
}
Event: 9.064 GC heap after
{Heap after GC invocations=15 (full 0):
 garbage-first heap   total 48128K, used 30142K [0x00000000c2c00000, 0x0000000100000000)
  region size 1024K, 2 young (2048K), 2 survivors (2048K)
 Metaspace       used 42788K, committed 43072K, reserved 1114112K
  class space    used 4925K, committed 5056K, reserved 1048576K
}
Event: 9.458 GC heap before
{Heap before GC invocations=15 (full 0):
 garbage-first heap   total 48128K, used 40382K [0x00000000c2c00000, 0x0000000100000000)
  region size 1024K, 13 young (13312K), 2 survivors (2048K)
 Metaspace       used 45245K, committed 45568K, reserved 1114112K
  class space    used 5174K, committed 5312K, reserved 1048576K
}
Event: 9.467 GC heap after
{Heap after GC invocations=16 (full 0):
 garbage-first heap   total 48128K, used 30917K [0x00000000c2c00000, 0x0000000100000000)
  region size 1024K, 1 young (1024K), 1 survivors (1024K)
 Metaspace       used 45245K, committed 45568K, reserved 1114112K
  class space    used 5174K, committed 5312K, reserved 1048576K
}
Event: 9.769 GC heap before
{Heap before GC invocations=16 (full 0):
 garbage-first heap   total 48128K, used 42181K [0x00000000c2c00000, 0x0000000100000000)
  region size 1024K, 12 young (12288K), 1 survivors (1024K)
 Metaspace       used 45674K, committed 45952K, reserved 1114112K
  class space    used 5203K, committed 5312K, reserved 1048576K
}
Event: 9.784 GC heap after
{Heap after GC invocations=17 (full 0):
 garbage-first heap   total 63488K, used 35220K [0x00000000c2c00000, 0x0000000100000000)
  region size 1024K, 2 young (2048K), 2 survivors (2048K)
 Metaspace       used 45674K, committed 45952K, reserved 1114112K
  class space    used 5203K, committed 5312K, reserved 1048576K
}
Event: 10.414 GC heap before
{Heap before GC invocations=18 (full 0):
 garbage-first heap   total 63488K, used 52628K [0x00000000c2c00000, 0x0000000100000000)
  region size 1024K, 19 young (19456K), 2 survivors (2048K)
 Metaspace       used 46867K, committed 47104K, reserved 1114112K
  class space    used 5296K, committed 5440K, reserved 1048576K
}
Event: 10.431 GC heap after
{Heap after GC invocations=19 (full 0):
 garbage-first heap   total 63488K, used 40185K [0x00000000c2c00000, 0x0000000100000000)
  region size 1024K, 3 young (3072K), 3 survivors (3072K)
 Metaspace       used 46867K, committed 47104K, reserved 1114112K
  class space    used 5296K, committed 5440K, reserved 1048576K
}
Event: 10.492 GC heap before
{Heap before GC invocations=19 (full 0):
 garbage-first heap   total 63488K, used 53497K [0x00000000c2c00000, 0x0000000100000000)
  region size 1024K, 16 young (16384K), 3 survivors (3072K)
 Metaspace       used 46917K, committed 47232K, reserved 1114112K
  class space    used 5296K, committed 5440K, reserved 1048576K
}
Event: 10.512 GC heap after
{Heap after GC invocations=20 (full 0):
 garbage-first heap   total 63488K, used 45568K [0x00000000c2c00000, 0x0000000100000000)
  region size 1024K, 2 young (2048K), 2 survivors (2048K)
 Metaspace       used 46917K, committed 47232K, reserved 1114112K
  class space    used 5296K, committed 5440K, reserved 1048576K
}
Event: 10.620 GC heap before
{Heap before GC invocations=20 (full 0):
 garbage-first heap   total 63488K, used 54784K [0x00000000c2c00000, 0x0000000100000000)
  region size 1024K, 11 young (11264K), 2 survivors (2048K)
 Metaspace       used 47028K, committed 47360K, reserved 1114112K
  class space    used 5301K, committed 5440K, reserved 1048576K
}
Event: 10.627 GC heap after
{Heap after GC invocations=21 (full 0):
 garbage-first heap   total 63488K, used 47918K [0x00000000c2c00000, 0x0000000100000000)
  region size 1024K, 2 young (2048K), 2 survivors (2048K)
 Metaspace       used 47028K, committed 47360K, reserved 1114112K
  class space    used 5301K, committed 5440K, reserved 1048576K
}
Event: 10.910 GC heap before
{Heap before GC invocations=22 (full 0):
 garbage-first heap   total 80896K, used 56110K [0x00000000c2c00000, 0x0000000100000000)
  region size 1024K, 10 young (10240K), 2 survivors (2048K)
 Metaspace       used 47749K, committed 48000K, reserved 1114112K
  class space    used 5396K, committed 5504K, reserved 1048576K
}
Event: 10.918 GC heap after
{Heap after GC invocations=23 (full 0):
 garbage-first heap   total 80896K, used 49531K [0x00000000c2c00000, 0x0000000100000000)
  region size 1024K, 2 young (2048K), 2 survivors (2048K)
 Metaspace       used 47749K, committed 48000K, reserved 1114112K
  class space    used 5396K, committed 5504K, reserved 1048576K
}
Event: 11.275 GC heap before
{Heap before GC invocations=23 (full 0):
 garbage-first heap   total 80896K, used 65915K [0x00000000c2c00000, 0x0000000100000000)
  region size 1024K, 19 young (19456K), 2 survivors (2048K)
 Metaspace       used 50169K, committed 50368K, reserved 1114112K
  class space    used 5653K, committed 5760K, reserved 1048576K
}
Event: 11.288 GC heap after
{Heap after GC invocations=24 (full 0):
 garbage-first heap   total 80896K, used 52648K [0x00000000c2c00000, 0x0000000100000000)
  region size 1024K, 3 young (3072K), 3 survivors (3072K)
 Metaspace       used 50169K, committed 50368K, reserved 1114112K
  class space    used 5653K, committed 5760K, reserved 1048576K
}
Event: 11.485 GC heap before
{Heap before GC invocations=24 (full 0):
 garbage-first heap   total 80896K, used 68008K [0x00000000c2c00000, 0x0000000100000000)
  region size 1024K, 19 young (19456K), 3 survivors (3072K)
 Metaspace       used 50605K, committed 50944K, reserved 1114112K
  class space    used 5690K, committed 5824K, reserved 1048576K
}

