# JRE version: OpenJDK Runtime Environment (21.0.5) (build 21.0.5+-12932927-b750.29)
# Java VM: OpenJDK 64-Bit Server VM (21.0.5+-12932927-b750.29, mixed mode, tiered, compressed oops, compressed class ptrs, g1 gc, windows-amd64)
GC Precious Log:
 CardTable entry size: 512
 Card Set container configuration: InlinePtr #cards 4 size 8 Array Of Cards #cards 32 size 80 Howl #buckets 8 coarsen threshold 7372 Howl Bitmap #cards 1024 size 144 coarsen threshold 921 Card regions per heap region 1 cards per card region 8192
 CPUs: 4 total, 4 available
 Memory: 3919M
 Large Page Support: Disabled
 NUMA Support: Disabled
 Compressed Oops: Enabled (Zero based)
 Heap Region Size: 4M
 Heap Min Capacity: 8M
 Heap Initial Capacity: 64M
 Heap Max Capacity: 4608M
 Pre-touch: Disabled
 Parallel Workers: 4
 Concurrent Workers: 1
 Concurrent Refinement Workers: 4
 Periodic GC: Disabled
Heap:
 garbage-first heap   total 118784K, used 74079K [0x00000006e0000000, 0x0000000800000000)
  region size 4096K, 1 young (4096K), 1 survivors (4096K)
 Metaspace       used 78217K, committed 80000K, reserved 1179648K
  class space    used 10432K, committed 11328K, reserved 1048576K
GC Heap History (20 events):
Event: 7.310 GC heap after
{Heap after GC invocations=17 (full 0):
 garbage-first heap   total 98304K, used 38497K [0x00000006e0000000, 0x0000000800000000)
  region size 4096K, 2 young (8192K), 2 survivors (8192K)
 Metaspace       used 59108K, committed 60608K, reserved 1114112K
  class space    used 7966K, committed 8704K, reserved 1048576K
}
Event: 8.208 GC heap before
{Heap before GC invocations=18 (full 0):
 garbage-first heap   total 98304K, used 75361K [0x00000006e0000000, 0x0000000800000000)
  region size 4096K, 11 young (45056K), 2 survivors (8192K)
 Metaspace       used 63620K, committed 65280K, reserved 1114112K
  class space    used 8716K, committed 9536K, reserved 1048576K
}
Event: 8.216 GC heap after
{Heap after GC invocations=19 (full 0):
 garbage-first heap   total 98304K, used 41679K [0x00000006e0000000, 0x0000000800000000)
  region size 4096K, 2 young (8192K), 2 survivors (8192K)
 Metaspace       used 63620K, committed 65280K, reserved 1114112K
  class space    used 8716K, committed 9536K, reserved 1048576K
}
Event: 9.005 GC heap before
{Heap before GC invocations=19 (full 0):
 garbage-first heap   total 98304K, used 78543K [0x00000006e0000000, 0x0000000800000000)
  region size 4096K, 11 young (45056K), 2 survivors (8192K)
 Metaspace       used 69432K, committed 71104K, reserved 1114112K
  class space    used 9420K, committed 10240K, reserved 1048576K
}
Event: 9.017 GC heap after
{Heap after GC invocations=20 (full 0):
 garbage-first heap   total 98304K, used 45506K [0x00000006e0000000, 0x0000000800000000)
  region size 4096K, 2 young (8192K), 2 survivors (8192K)
 Metaspace       used 69432K, committed 71104K, reserved 1114112K
  class space    used 9420K, committed 10240K, reserved 1048576K
}
Event: 9.631 GC heap before
{Heap before GC invocations=20 (full 0):
 garbage-first heap   total 98304K, used 74178K [0x00000006e0000000, 0x0000000800000000)
  region size 4096K, 10 young (40960K), 2 survivors (8192K)
 Metaspace       used 70455K, committed 72128K, reserved 1114112K
  class space    used 9528K, committed 10368K, reserved 1048576K
}
Event: 9.643 GC heap after
{Heap after GC invocations=21 (full 0):
 garbage-first heap   total 98304K, used 50041K [0x00000006e0000000, 0x0000000800000000)
  region size 4096K, 2 young (8192K), 2 survivors (8192K)
 Metaspace       used 70455K, committed 72128K, reserved 1114112K
  class space    used 9528K, committed 10368K, reserved 1048576K
}
Event: 10.021 GC heap before
{Heap before GC invocations=21 (full 0):
 garbage-first heap   total 98304K, used 74617K [0x00000006e0000000, 0x0000000800000000)
  region size 4096K, 9 young (36864K), 2 survivors (8192K)
 Metaspace       used 70899K, committed 72576K, reserved 1114112K
  class space    used 9556K, committed 10368K, reserved 1048576K
}
Event: 10.027 GC heap after
{Heap after GC invocations=22 (full 0):
 garbage-first heap   total 118784K, used 51034K [0x00000006e0000000, 0x0000000800000000)
  region size 4096K, 1 young (4096K), 1 survivors (4096K)
 Metaspace       used 70899K, committed 72576K, reserved 1114112K
  class space    used 9556K, committed 10368K, reserved 1048576K
}
Event: 10.626 GC heap before
{Heap before GC invocations=23 (full 0):
 garbage-first heap   total 118784K, used 100186K [0x00000006e0000000, 0x0000000800000000)
  region size 4096K, 13 young (53248K), 1 survivors (4096K)
 Metaspace       used 71001K, committed 72640K, reserved 1114112K
  class space    used 9556K, committed 10368K, reserved 1048576K
}
Event: 10.632 GC heap after
{Heap after GC invocations=24 (full 0):
 garbage-first heap   total 118784K, used 53057K [0x00000006e0000000, 0x0000000800000000)
  region size 4096K, 2 young (8192K), 2 survivors (8192K)
 Metaspace       used 71001K, committed 72640K, reserved 1114112K
  class space    used 9556K, committed 10368K, reserved 1048576K
}
Event: 11.228 GC heap before
{Heap before GC invocations=24 (full 0):
 garbage-first heap   total 118784K, used 98113K [0x00000006e0000000, 0x0000000800000000)
  region size 4096K, 13 young (53248K), 2 survivors (8192K)
 Metaspace       used 71436K, committed 73088K, reserved 1114112K
  class space    used 9626K, committed 10432K, reserved 1048576K
}
Event: 11.239 GC heap after
{Heap after GC invocations=25 (full 0):
 garbage-first heap   total 118784K, used 59700K [0x00000006e0000000, 0x0000000800000000)
  region size 4096K, 2 young (8192K), 2 survivors (8192K)
 Metaspace       used 71436K, committed 73088K, reserved 1114112K
  class space    used 9626K, committed 10432K, reserved 1048576K
}
Event: 11.345 GC heap before
{Heap before GC invocations=25 (full 0):
 garbage-first heap   total 118784K, used 63796K [0x00000006e0000000, 0x0000000800000000)
  region size 4096K, 4 young (16384K), 2 survivors (8192K)
 Metaspace       used 71678K, committed 73344K, reserved 1114112K
  class space    used 9670K, committed 10496K, reserved 1048576K
}
Event: 11.350 GC heap after
{Heap after GC invocations=26 (full 0):
 garbage-first heap   total 118784K, used 62492K [0x00000006e0000000, 0x0000000800000000)
  region size 4096K, 1 young (4096K), 1 survivors (4096K)
 Metaspace       used 71678K, committed 73344K, reserved 1114112K
  class space    used 9670K, committed 10496K, reserved 1048576K
}
Event: 11.788 GC heap before
{Heap before GC invocations=27 (full 0):
 garbage-first heap   total 118784K, used 91164K [0x00000006e0000000, 0x0000000800000000)
  region size 4096K, 8 young (32768K), 1 survivors (4096K)
 Metaspace       used 73385K, committed 75008K, reserved 1114112K
  class space    used 9876K, committed 10688K, reserved 1048576K
}
Event: 11.791 GC heap after
{Heap after GC invocations=28 (full 0):
 garbage-first heap   total 118784K, used 73305K [0x00000006e0000000, 0x0000000800000000)
  region size 4096K, 1 young (4096K), 1 survivors (4096K)
 Metaspace       used 73385K, committed 75008K, reserved 1114112K
  class space    used 9876K, committed 10688K, reserved 1048576K
}
Event: 12.184 GC heap before
{Heap before GC invocations=28 (full 0):
 garbage-first heap   total 118784K, used 97881K [0x00000006e0000000, 0x0000000800000000)
  region size 4096K, 7 young (28672K), 1 survivors (4096K)
 Metaspace       used 75543K, committed 77376K, reserved 1179648K
  class space    used 10151K, committed 11072K, reserved 1048576K
}
Event: 12.192 GC heap after
{Heap after GC invocations=29 (full 0):
 garbage-first heap   total 118784K, used 73521K [0x00000006e0000000, 0x0000000800000000)
  region size 4096K, 1 young (4096K), 1 survivors (4096K)
 Metaspace       used 75543K, committed 77376K, reserved 1179648K
  class space    used 10151K, committed 11072K, reserved 1048576K
}
Event: 12.658 GC heap before
{Heap before GC invocations=29 (full 0):
 garbage-first heap   total 118784K, used 94001K [0x00000006e0000000, 0x0000000800000000)
  region size 4096K, 7 young (28672K), 1 survivors (4096K)
 Metaspace       used 78217K, committed 80000K, reserved 1179648K
  class space    used 10432K, committed 11328K, reserved 1048576K
}

