# JRE version: OpenJDK Runtime Environment (21.0.5) (build 21.0.5+-12932927-b750.29)
# Java VM: OpenJDK 64-Bit Server VM (21.0.5+-12932927-b750.29, mixed mode, tiered, compressed oops, compressed class ptrs, g1 gc, windows-amd64)
GC Precious Log:
 CardTable entry size: 512
 Card Set container configuration: InlinePtr #cards 4 size 8 Array Of Cards #cards 32 size 80 Howl #buckets 8 coarsen threshold 7372 Howl Bitmap #cards 1024 size 144 coarsen threshold 921 Card regions per heap region 1 cards per card region 8192
 CPUs: 4 total, 4 available
 Memory: 3919M
 Large Page Support: Disabled
 NUMA Support: Disabled
 Compressed Oops: Enabled (Zero based)
 Heap Region Size: 4M
 Heap Min Capacity: 8M
 Heap Initial Capacity: 64M
 Heap Max Capacity: 4608M
 Pre-touch: Disabled
 Parallel Workers: 4
 Concurrent Workers: 1
 Concurrent Refinement Workers: 4
 Periodic GC: Disabled
Heap:
 garbage-first heap   total 122880K, used 104812K [0x00000006e0000000, 0x0000000800000000)
  region size 4096K, 12 young (49152K), 2 survivors (8192K)
 Metaspace       used 74099K, committed 75840K, reserved 1114112K
  class space    used 9973K, committed 10880K, reserved 1048576K
GC Heap History (20 events):
Event: 6.612 GC heap after
{Heap after GC invocations=15 (full 0):
 garbage-first heap   total 81920K, used 35911K [0x00000006e0000000, 0x0000000800000000)
  region size 4096K, 1 young (4096K), 1 survivors (4096K)
 Metaspace       used 50963K, committed 52480K, reserved 1114112K
  class space    used 6937K, committed 7680K, reserved 1048576K
}
Event: 7.174 GC heap before
{Heap before GC invocations=15 (full 0):
 garbage-first heap   total 81920K, used 64583K [0x00000006e0000000, 0x0000000800000000)
  region size 4096K, 9 young (36864K), 1 survivors (4096K)
 Metaspace       used 55917K, committed 57408K, reserved 1114112K
  class space    used 7526K, committed 8256K, reserved 1048576K
}
Event: 7.180 GC heap after
{Heap after GC invocations=16 (full 0):
 garbage-first heap   total 81920K, used 37042K [0x00000006e0000000, 0x0000000800000000)
  region size 4096K, 2 young (8192K), 2 survivors (8192K)
 Metaspace       used 55917K, committed 57408K, reserved 1114112K
  class space    used 7526K, committed 8256K, reserved 1048576K
}
Event: 7.658 GC heap before
{Heap before GC invocations=16 (full 0):
 garbage-first heap   total 81920K, used 57522K [0x00000006e0000000, 0x0000000800000000)
  region size 4096K, 8 young (32768K), 2 survivors (8192K)
 Metaspace       used 58996K, committed 60480K, reserved 1114112K
  class space    used 7970K, committed 8704K, reserved 1048576K
}
Event: 7.665 GC heap after
{Heap after GC invocations=17 (full 0):
 garbage-first heap   total 98304K, used 38312K [0x00000006e0000000, 0x0000000800000000)
  region size 4096K, 2 young (8192K), 2 survivors (8192K)
 Metaspace       used 58996K, committed 60480K, reserved 1114112K
  class space    used 7970K, committed 8704K, reserved 1048576K
}
Event: 8.588 GC heap before
{Heap before GC invocations=18 (full 0):
 garbage-first heap   total 98304K, used 75176K [0x00000006e0000000, 0x0000000800000000)
  region size 4096K, 11 young (45056K), 2 survivors (8192K)
 Metaspace       used 63505K, committed 65152K, reserved 1114112K
  class space    used 8708K, committed 9472K, reserved 1048576K
}
Event: 8.597 GC heap after
{Heap after GC invocations=19 (full 0):
 garbage-first heap   total 98304K, used 40737K [0x00000006e0000000, 0x0000000800000000)
  region size 4096K, 2 young (8192K), 2 survivors (8192K)
 Metaspace       used 63505K, committed 65152K, reserved 1114112K
  class space    used 8708K, committed 9472K, reserved 1048576K
}
Event: 9.728 GC heap before
{Heap before GC invocations=19 (full 0):
 garbage-first heap   total 98304K, used 77601K [0x00000006e0000000, 0x0000000800000000)
  region size 4096K, 11 young (45056K), 2 survivors (8192K)
 Metaspace       used 69487K, committed 71104K, reserved 1114112K
  class space    used 9441K, committed 10240K, reserved 1048576K
}
Event: 9.742 GC heap after
{Heap after GC invocations=20 (full 0):
 garbage-first heap   total 98304K, used 44729K [0x00000006e0000000, 0x0000000800000000)
  region size 4096K, 2 young (8192K), 2 survivors (8192K)
 Metaspace       used 69487K, committed 71104K, reserved 1114112K
  class space    used 9441K, committed 10240K, reserved 1048576K
}
Event: 10.601 GC heap before
{Heap before GC invocations=20 (full 0):
 garbage-first heap   total 98304K, used 81593K [0x00000006e0000000, 0x0000000800000000)
  region size 4096K, 11 young (45056K), 2 survivors (8192K)
 Metaspace       used 70632K, committed 72256K, reserved 1114112K
  class space    used 9547K, committed 10368K, reserved 1048576K
}
Event: 10.613 GC heap after
{Heap after GC invocations=21 (full 0):
 garbage-first heap   total 98304K, used 49137K [0x00000006e0000000, 0x0000000800000000)
  region size 4096K, 2 young (8192K), 2 survivors (8192K)
 Metaspace       used 70632K, committed 72256K, reserved 1114112K
  class space    used 9547K, committed 10368K, reserved 1048576K
}
Event: 11.403 GC heap before
{Heap before GC invocations=21 (full 0):
 garbage-first heap   total 98304K, used 73713K [0x00000006e0000000, 0x0000000800000000)
  region size 4096K, 9 young (36864K), 2 survivors (8192K)
 Metaspace       used 71056K, committed 72704K, reserved 1114112K
  class space    used 9574K, committed 10368K, reserved 1048576K
}
Event: 11.410 GC heap after
{Heap after GC invocations=22 (full 0):
 garbage-first heap   total 98304K, used 50625K [0x00000006e0000000, 0x0000000800000000)
  region size 4096K, 1 young (4096K), 1 survivors (4096K)
 Metaspace       used 71056K, committed 72704K, reserved 1114112K
  class space    used 9574K, committed 10368K, reserved 1048576K
}
Event: 12.002 GC heap before
{Heap before GC invocations=23 (full 0):
 garbage-first heap   total 98304K, used 83393K [0x00000006e0000000, 0x0000000800000000)
  region size 4096K, 9 young (36864K), 1 survivors (4096K)
 Metaspace       used 71097K, committed 72768K, reserved 1114112K
  class space    used 9574K, committed 10368K, reserved 1048576K
}
Event: 12.006 GC heap after
{Heap after GC invocations=24 (full 0):
 garbage-first heap   total 98304K, used 51469K [0x00000006e0000000, 0x0000000800000000)
  region size 4096K, 2 young (8192K), 2 survivors (8192K)
 Metaspace       used 71097K, committed 72768K, reserved 1114112K
  class space    used 9574K, committed 10368K, reserved 1048576K
}
Event: 12.305 GC heap before
{Heap before GC invocations=24 (full 0):
 garbage-first heap   total 98304K, used 71949K [0x00000006e0000000, 0x0000000800000000)
  region size 4096K, 8 young (32768K), 2 survivors (8192K)
 Metaspace       used 71099K, committed 72768K, reserved 1114112K
  class space    used 9575K, committed 10368K, reserved 1048576K
}
Event: 12.314 GC heap after
{Heap after GC invocations=25 (full 0):
 garbage-first heap   total 98304K, used 51503K [0x00000006e0000000, 0x0000000800000000)
  region size 4096K, 1 young (4096K), 1 survivors (4096K)
 Metaspace       used 71099K, committed 72768K, reserved 1114112K
  class space    used 9575K, committed 10368K, reserved 1048576K
}
Event: 12.682 GC heap before
{Heap before GC invocations=25 (full 0):
 garbage-first heap   total 98304K, used 80175K [0x00000006e0000000, 0x0000000800000000)
  region size 4096K, 9 young (36864K), 1 survivors (4096K)
 Metaspace       used 71615K, committed 73344K, reserved 1114112K
  class space    used 9663K, committed 10496K, reserved 1048576K
}
Event: 12.688 GC heap after
{Heap after GC invocations=26 (full 0):
 garbage-first heap   total 118784K, used 59756K [0x00000006e0000000, 0x0000000800000000)
  region size 4096K, 2 young (8192K), 2 survivors (8192K)
 Metaspace       used 71615K, committed 73344K, reserved 1114112K
  class space    used 9663K, committed 10496K, reserved 1048576K
}
Event: 13.280 GC heap before
{Heap before GC invocations=27 (full 0):
 garbage-first heap   total 118784K, used 100716K [0x00000006e0000000, 0x0000000800000000)
  region size 4096K, 12 young (49152K), 2 survivors (8192K)
 Metaspace       used 74099K, committed 75840K, reserved 1114112K
  class space    used 9973K, committed 10880K, reserved 1048576K
}

