# JRE version: OpenJDK Runtime Environment (21.0.5) (build 21.0.5+-12932927-b750.29)
# Java VM: OpenJDK 64-Bit Server VM (21.0.5+-12932927-b750.29, mixed mode, tiered, compressed oops, compressed class ptrs, g1 gc, windows-amd64)
GC Precious Log:
 CardTable entry size: 512
 Card Set container configuration: InlinePtr #cards 4 size 8 Array Of Cards #cards 32 size 80 Howl #buckets 8 coarsen threshold 7372 Howl Bitmap #cards 1024 size 144 coarsen threshold 921 Card regions per heap region 1 cards per card region 8192
 CPUs: 4 total, 4 available
 Memory: 3919M
 Large Page Support: Disabled
 NUMA Support: Disabled
 Compressed Oops: Enabled (Zero based)
 Heap Region Size: 4M
 Heap Min Capacity: 8M
 Heap Initial Capacity: 64M
 Heap Max Capacity: 4608M
 Pre-touch: Disabled
 Parallel Workers: 4
 Concurrent Workers: 1
 Concurrent Refinement Workers: 4
 Periodic GC: Disabled
Heap:
 garbage-first heap   total 1372160K, used 332259K [0x00000006e0000000, 0x0000000800000000)
  region size 4096K, 1 young (4096K), 1 survivors (4096K)
 Metaspace       used 203866K, committed 206592K, reserved 1245184K
  class space    used 26345K, committed 27712K, reserved 1048576K
GC Heap History (20 events):
Event: 190.122 GC heap after
{Heap after GC invocations=81 (full 0):
 garbage-first heap   total 753664K, used 298218K [0x00000006e0000000, 0x0000000800000000)
  region size 4096K, 10 young (40960K), 10 survivors (40960K)
 Metaspace       used 203616K, committed 206336K, reserved 1245184K
  class space    used 26328K, committed 27712K, reserved 1048576K
}
Event: 193.483 GC heap before
{Heap before GC invocations=81 (full 0):
 garbage-first heap   total 753664K, used 666858K [0x00000006e0000000, 0x0000000800000000)
  region size 4096K, 100 young (409600K), 10 survivors (40960K)
 Metaspace       used 203626K, committed 206336K, reserved 1245184K
  class space    used 26328K, committed 27712K, reserved 1048576K
}
Event: 193.644 GC heap after
{Heap after GC invocations=82 (full 0):
 garbage-first heap   total 753664K, used 311245K [0x00000006e0000000, 0x0000000800000000)
  region size 4096K, 6 young (24576K), 6 survivors (24576K)
 Metaspace       used 203626K, committed 206336K, reserved 1245184K
  class space    used 26328K, committed 27712K, reserved 1048576K
}
Event: 197.001 GC heap before
{Heap before GC invocations=82 (full 0):
 garbage-first heap   total 753664K, used 683981K [0x00000006e0000000, 0x0000000800000000)
  region size 4096K, 97 young (397312K), 6 survivors (24576K)
 Metaspace       used 203655K, committed 206400K, reserved 1245184K
  class space    used 26328K, committed 27712K, reserved 1048576K
}
Event: 197.079 GC heap after
{Heap after GC invocations=83 (full 0):
 garbage-first heap   total 1372160K, used 322433K [0x00000006e0000000, 0x0000000800000000)
  region size 4096K, 9 young (36864K), 9 survivors (36864K)
 Metaspace       used 203655K, committed 206400K, reserved 1245184K
  class space    used 26328K, committed 27712K, reserved 1048576K
}
Event: 215.012 GC heap before
{Heap before GC invocations=83 (full 0):
 garbage-first heap   total 1093632K, used 973697K [0x00000006e0000000, 0x0000000800000000)
  region size 4096K, 168 young (688128K), 9 survivors (36864K)
 Metaspace       used 203703K, committed 206400K, reserved 1245184K
  class space    used 26334K, committed 27712K, reserved 1048576K
}
Event: 215.303 GC heap after
{Heap after GC invocations=84 (full 0):
 garbage-first heap   total 1093632K, used 321881K [0x00000006e0000000, 0x0000000800000000)
  region size 4096K, 9 young (36864K), 9 survivors (36864K)
 Metaspace       used 203703K, committed 206400K, reserved 1245184K
  class space    used 26334K, committed 27712K, reserved 1048576K
}
Event: 215.709 GC heap before
{Heap before GC invocations=84 (full 0):
 garbage-first heap   total 1093632K, used 346457K [0x00000006e0000000, 0x0000000800000000)
  region size 4096K, 15 young (61440K), 9 survivors (36864K)
 Metaspace       used 203703K, committed 206400K, reserved 1245184K
  class space    used 26334K, committed 27712K, reserved 1048576K
}
Event: 215.808 GC heap after
{Heap after GC invocations=85 (full 0):
 garbage-first heap   total 1093632K, used 324975K [0x00000006e0000000, 0x0000000800000000)
  region size 4096K, 2 young (8192K), 2 survivors (8192K)
 Metaspace       used 203703K, committed 206400K, reserved 1245184K
  class space    used 26334K, committed 27712K, reserved 1048576K
}
Event: 223.565 GC heap before
{Heap before GC invocations=86 (full 0):
 garbage-first heap   total 1093632K, used 968047K [0x00000006e0000000, 0x0000000800000000)
  region size 4096K, 160 young (655360K), 2 survivors (8192K)
 Metaspace       used 203737K, committed 206464K, reserved 1245184K
  class space    used 26335K, committed 27712K, reserved 1048576K
}
Event: 223.659 GC heap after
{Heap after GC invocations=87 (full 0):
 garbage-first heap   total 1093632K, used 345397K [0x00000006e0000000, 0x0000000800000000)
  region size 4096K, 7 young (28672K), 7 survivors (28672K)
 Metaspace       used 203737K, committed 206464K, reserved 1245184K
  class space    used 26335K, committed 27712K, reserved 1048576K
}
Event: 226.041 GC heap before
{Heap before GC invocations=87 (full 0):
 garbage-first heap   total 1093632K, used 972085K [0x00000006e0000000, 0x0000000800000000)
  region size 4096K, 160 young (655360K), 7 survivors (28672K)
 Metaspace       used 203765K, committed 206464K, reserved 1245184K
  class space    used 26340K, committed 27712K, reserved 1048576K
}
Event: 226.112 GC heap after
{Heap after GC invocations=88 (full 0):
 garbage-first heap   total 1093632K, used 337807K [0x00000006e0000000, 0x0000000800000000)
  region size 4096K, 8 young (32768K), 8 survivors (32768K)
 Metaspace       used 203765K, committed 206464K, reserved 1245184K
  class space    used 26340K, committed 27712K, reserved 1048576K
}
Event: 228.003 GC heap before
{Heap before GC invocations=88 (full 0):
 garbage-first heap   total 1093632K, used 960399K [0x00000006e0000000, 0x0000000800000000)
  region size 4096K, 160 young (655360K), 8 survivors (32768K)
 Metaspace       used 203799K, committed 206528K, reserved 1245184K
  class space    used 26342K, committed 27712K, reserved 1048576K
}
Event: 228.035 GC heap after
{Heap after GC invocations=89 (full 0):
 garbage-first heap   total 1093632K, used 333842K [0x00000006e0000000, 0x0000000800000000)
  region size 4096K, 7 young (28672K), 7 survivors (28672K)
 Metaspace       used 203799K, committed 206528K, reserved 1245184K
  class space    used 26342K, committed 27712K, reserved 1048576K
}
Event: 229.459 GC heap before
{Heap before GC invocations=89 (full 0):
 garbage-first heap   total 1093632K, used 960530K [0x00000006e0000000, 0x0000000800000000)
  region size 4096K, 160 young (655360K), 7 survivors (28672K)
 Metaspace       used 203836K, committed 206528K, reserved 1245184K
  class space    used 26345K, committed 27712K, reserved 1048576K
}
Event: 229.501 GC heap after
{Heap after GC invocations=90 (full 0):
 garbage-first heap   total 1093632K, used 328504K [0x00000006e0000000, 0x0000000800000000)
  region size 4096K, 5 young (20480K), 5 survivors (20480K)
 Metaspace       used 203836K, committed 206528K, reserved 1245184K
  class space    used 26345K, committed 27712K, reserved 1048576K
}
Event: 233.773 GC heap before
{Heap before GC invocations=90 (full 0):
 garbage-first heap   total 1093632K, used 963384K [0x00000006e0000000, 0x0000000800000000)
  region size 4096K, 160 young (655360K), 5 survivors (20480K)
 Metaspace       used 203864K, committed 206592K, reserved 1245184K
  class space    used 26345K, committed 27712K, reserved 1048576K
}
Event: 236.390 GC heap after
{Heap after GC invocations=91 (full 0):
 garbage-first heap   total 1093632K, used 330475K [0x00000006e0000000, 0x0000000800000000)
  region size 4096K, 6 young (24576K), 6 survivors (24576K)
 Metaspace       used 203864K, committed 206592K, reserved 1245184K
  class space    used 26345K, committed 27712K, reserved 1048576K
}
Event: 236.592 GC heap before
{Heap before GC invocations=91 (full 0):
 garbage-first heap   total 1093632K, used 359147K [0x00000006e0000000, 0x0000000800000000)
  region size 4096K, 13 young (53248K), 6 survivors (24576K)
 Metaspace       used 203866K, committed 206592K, reserved 1245184K
  class space    used 26345K, committed 27712K, reserved 1048576K
}

